<?xml version="1.0" encoding="UTF-8"?>
<testng-results ignored="0" total="3" passed="3" failed="0" skipped="0">
  <reporter-output>
  </reporter-output>
  <suite started-at="2024-12-24T06:40:13 IST" name="Default suite" finished-at="2024-12-24T06:40:13 IST" duration-ms="84">
    <groups>
    </groups>
    <test started-at="2024-12-24T06:40:13 IST" name="Default test" finished-at="2024-12-24T06:40:13 IST" duration-ms="84">
      <class name="testScript.Annotations">
        <test-method is-config="true" signature="beforeTest()[pri:0, instance:testScript.Annotations@747ddf94]" started-at="2024-12-24T06:40:13 IST" name="beforeTest" finished-at="2024-12-24T06:40:13 IST" duration-ms="5" status="PASS">
          <reporter-output>
          </reporter-output>
        </test-method> <!-- beforeTest -->
        <test-method is-config="true" signature="beforeClass()[pri:0, instance:testScript.Annotations@747ddf94]" started-at="2024-12-24T06:40:13 IST" name="beforeClass" finished-at="2024-12-24T06:40:13 IST" duration-ms="1" status="PASS">
          <reporter-output>
          </reporter-output>
        </test-method> <!-- beforeClass -->
        <test-method signature="demoTest()[pri:0, instance:testScript.Annotations@747ddf94]" started-at="2024-12-24T06:40:13 IST" name="demoTest" finished-at="2024-12-24T06:40:13 IST" duration-ms="10" status="PASS">
          <reporter-output>
          </reporter-output>
        </test-method> <!-- demoTest -->
        <test-method signature="example()[pri:0, instance:testScript.Annotations@747ddf94]" started-at="2024-12-24T06:40:13 IST" name="example" finished-at="2024-12-24T06:40:13 IST" duration-ms="3" status="PASS">
          <reporter-output>
          </reporter-output>
        </test-method> <!-- example -->
        <test-method signature="sample()[pri:0, instance:testScript.Annotations@747ddf94]" started-at="2024-12-24T06:40:13 IST" name="sample" finished-at="2024-12-24T06:40:13 IST" duration-ms="7" status="PASS">
          <reporter-output>
          </reporter-output>
        </test-method> <!-- sample -->
        <test-method is-config="true" signature="afterClass()[pri:0, instance:testScript.Annotations@747ddf94]" started-at="2024-12-24T06:40:13 IST" name="afterClass" finished-at="2024-12-24T06:40:13 IST" duration-ms="1" status="PASS">
          <reporter-output>
          </reporter-output>
        </test-method> <!-- afterClass -->
        <test-method is-config="true" signature="afterTest()[pri:0, instance:testScript.Annotations@747ddf94]" started-at="2024-12-24T06:40:13 IST" name="afterTest" finished-at="2024-12-24T06:40:13 IST" duration-ms="1" status="PASS">
          <reporter-output>
          </reporter-output>
        </test-method> <!-- afterTest -->
      </class> <!-- testScript.Annotations -->
    </test> <!-- Default test -->
  </suite> <!-- Default suite -->
</testng-results>
