<?xml version="1.0" encoding="UTF-8"?>
<!-- Generated by org.testng.reporters.JUnitXMLReporter -->
<testsuite ignored="0" hostname="SandraArun" failures="0" tests="3" name="Default test" time="0.084" errors="0" timestamp="2024-12-24T06:40:14 IST">
  <testcase classname="testScript.Annotations" name="demoTest" time="0.01"/>
  <testcase classname="testScript.Annotations" name="example" time="0.003"/>
  <testcase classname="testScript.Annotations" name="sample" time="0.007"/>
</testsuite> <!-- Default test -->
